Using pre-set license
Built from '2021.3/staging' branch; Version is '2021.3.5f1 (40eb3a945986) revision 4254522'; Using compiler version '192829333'; Build Type 'Release'
OS: 'Windows 10  (10.0.19044) 64bit CoreSingleLanguage' Language: 'en' Physical Memory: 6058 MB
BatchMode: 1, IsHumanControllingUs: 0, StartBugReporterOnCrash: 0, Is64bit: 1, IsPro: 1

COMMAND LINE ARGUMENTS:
C:\Program Files\Unity\Hub\Editor\2021.3.5f1\Editor\Unity.exe
-adb2
-batchMode
-noUpm
-name
AssetImportWorker1
-projectPath
D:/WeeFly
-logFile
Logs/AssetImportWorker1.log
-srvPort
63805
Successfully changed project path to: D:/WeeFly
D:/WeeFly
[UnityMemory] Configuration Parameters - Can be set up in boot.config
    "memorysetup-bucket-allocator-granularity=16"
    "memorysetup-bucket-allocator-bucket-count=8"
    "memorysetup-bucket-allocator-block-size=33554432"
    "memorysetup-bucket-allocator-block-count=8"
    "memorysetup-main-allocator-block-size=16777216"
    "memorysetup-thread-allocator-block-size=16777216"
    "memorysetup-gfx-main-allocator-block-size=16777216"
    "memorysetup-gfx-thread-allocator-block-size=16777216"
    "memorysetup-cache-allocator-block-size=4194304"
    "memorysetup-typetree-allocator-block-size=2097152"
    "memorysetup-profiler-bucket-allocator-granularity=16"
    "memorysetup-profiler-bucket-allocator-bucket-count=8"
    "memorysetup-profiler-bucket-allocator-block-size=33554432"
    "memorysetup-profiler-bucket-allocator-block-count=8"
    "memorysetup-profiler-allocator-block-size=16777216"
    "memorysetup-profiler-editor-allocator-block-size=1048576"
    "memorysetup-temp-allocator-size-main=16777216"
    "memorysetup-job-temp-allocator-block-size=2097152"
    "memorysetup-job-temp-allocator-block-size-background=1048576"
    "memorysetup-job-temp-allocator-reduction-small-platforms=262144"
    "memorysetup-temp-allocator-size-background-worker=32768"
    "memorysetup-temp-allocator-size-job-worker=262144"
    "memorysetup-temp-allocator-size-preload-manager=33554432"
    "memorysetup-temp-allocator-size-nav-mesh-worker=65536"
    "memorysetup-temp-allocator-size-audio-worker=65536"
    "memorysetup-temp-allocator-size-cloud-worker=32768"
    "memorysetup-temp-allocator-size-gi-baking-worker=262144"
    "memorysetup-temp-allocator-size-gfx=262144"
Refreshing native plugins compatible for Editor in 165.38 ms, found 3 plugins.
Preloading 0 native plugins for Editor in 0.00 ms.
Initialize engine version: 2021.3.5f1 (40eb3a945986)
[Subsystems] Discovering subsystems at path C:/Program Files/Unity/Hub/Editor/2021.3.5f1/Editor/Data/Resources/UnitySubsystems
[Subsystems] Discovering subsystems at path D:/WeeFly/Assets
GfxDevice: creating device client; threaded=0; jobified=0
Direct3D:
    Version:  Direct3D 11.0 [level 11.1]
    Renderer: AMD Radeon(TM) Vega 8 Graphics (ID=0x15d8)
    Vendor:   ATI
    VRAM:     3029 MB
    Driver:   27.20.15030.5001
Initialize mono
Mono path[0] = 'C:/Program Files/Unity/Hub/Editor/2021.3.5f1/Editor/Data/Managed'
Mono path[1] = 'C:/Program Files/Unity/Hub/Editor/2021.3.5f1/Editor/Data/MonoBleedingEdge/lib/mono/unityjit-win32'
Mono config path = 'C:/Program Files/Unity/Hub/Editor/2021.3.5f1/Editor/Data/MonoBleedingEdge/etc'
Using monoOptions --debugger-agent=transport=dt_socket,embedding=1,server=y,suspend=n,address=127.0.0.1:56012
Begin MonoManager ReloadAssembly
Registering precompiled unity dll's ...
Register platform support module: C:/Program Files/Unity/Hub/Editor/2021.3.5f1/Editor/Data/PlaybackEngines/WebGLSupport/UnityEditor.WebGL.Extensions.dll
Register platform support module: C:/Program Files/Unity/Hub/Editor/2021.3.5f1/Editor/Data/PlaybackEngines/AndroidPlayer/UnityEditor.Android.Extensions.dll
Register platform support module: C:/Program Files/Unity/Hub/Editor/2021.3.5f1/Editor/Data/PlaybackEngines/WindowsStandaloneSupport/UnityEditor.WindowsStandalone.Extensions.dll
Registered in 0.025204 seconds.
Native extension for WindowsStandalone target not found
Native extension for Android target not found
Native extension for WebGL target not found
Refreshing native plugins compatible for Editor in 138.99 ms, found 3 plugins.
Preloading 0 native plugins for Editor in 0.00 ms.
Mono: successfully reloaded assembly
- Completed reload, in  1.227 seconds
Domain Reload Profiling:
	ReloadAssembly (1228ms)
		BeginReloadAssembly (201ms)
			ExecutionOrderSort (0ms)
			DisableScriptedObjects (0ms)
			BackupInstance (0ms)
			ReleaseScriptingObjects (0ms)
			CreateAndSetChildDomain (1ms)
		EndReloadAssembly (828ms)
			LoadAssemblies (199ms)
			RebuildTransferFunctionScriptingTraits (0ms)
			SetupTypeCache (168ms)
			ReleaseScriptCaches (0ms)
			RebuildScriptCaches (59ms)
			SetupLoadedEditorAssemblies (507ms)
				LogAssemblyErrors (0ms)
				InitializePlatformSupportModulesInManaged (103ms)
				SetLoadedEditorAssemblies (0ms)
				RefreshPlugins (139ms)
				BeforeProcessingInitializeOnLoad (2ms)
				ProcessInitializeOnLoadAttributes (197ms)
				ProcessInitializeOnLoadMethodAttributes (65ms)
				AfterProcessingInitializeOnLoad (0ms)
				EditorAssembliesLoaded (0ms)
			ExecutionOrderSort2 (0ms)
			AwakeInstancesAfterBackupRestoration (0ms)
Platform modules already initialized, skipping
Registering precompiled user dll's ...
Registered in 0.006302 seconds.
Begin MonoManager ReloadAssembly
Symbol file LoadedFromMemory doesn't match image D:\WeeFly\Library\PackageCache\com.unity.visualscripting@1.7.8\Editor\VisualScripting.Core\Dependencies\YamlDotNet\Unity.VisualScripting.YamlDotNet.dll
Symbol file LoadedFromMemory doesn't match image D:\WeeFly\Library\PackageCache\com.unity.visualscripting@1.7.8\Editor\VisualScripting.Core\Dependencies\DotNetZip\Unity.VisualScripting.IonicZip.dll
Native extension for WindowsStandalone target not found
Native extension for Android target not found
Native extension for WebGL target not found
Refreshing native plugins compatible for Editor in 0.70 ms, found 3 plugins.
Preloading 0 native plugins for Editor in 0.00 ms.
Mono: successfully reloaded assembly
- Completed reload, in  2.122 seconds
Domain Reload Profiling:
	ReloadAssembly (2123ms)
		BeginReloadAssembly (417ms)
			ExecutionOrderSort (0ms)
			DisableScriptedObjects (13ms)
			BackupInstance (0ms)
			ReleaseScriptingObjects (0ms)
			CreateAndSetChildDomain (147ms)
		EndReloadAssembly (1366ms)
			LoadAssemblies (299ms)
			RebuildTransferFunctionScriptingTraits (0ms)
			SetupTypeCache (404ms)
			ReleaseScriptCaches (1ms)
			RebuildScriptCaches (105ms)
			SetupLoadedEditorAssemblies (562ms)
				LogAssemblyErrors (0ms)
				InitializePlatformSupportModulesInManaged (28ms)
				SetLoadedEditorAssemblies (1ms)
				RefreshPlugins (1ms)
				BeforeProcessingInitializeOnLoad (113ms)
				ProcessInitializeOnLoadAttributes (358ms)
				ProcessInitializeOnLoadMethodAttributes (49ms)
				AfterProcessingInitializeOnLoad (13ms)
				EditorAssembliesLoaded (0ms)
			ExecutionOrderSort2 (0ms)
			AwakeInstancesAfterBackupRestoration (8ms)
Platform modules already initialized, skipping
========================================================================
Worker process is ready to serve import requests
Launched and connected shader compiler UnityShaderCompiler.exe after 0.09 seconds
Refreshing native plugins compatible for Editor in 0.92 ms, found 3 plugins.
Preloading 0 native plugins for Editor in 0.00 ms.
Unloading 3258 Unused Serialized files (Serialized files now loaded: 0)
Unloading 24 unused Assets / (55.3 KB). Loaded Objects now: 3721.
Memory consumption went from 112.0 MB to 112.0 MB.
Total: 4.921700 ms (FindLiveObjects: 0.447300 ms CreateObjectMapping: 0.139300 ms MarkObjects: 4.224400 ms  DeleteObjects: 0.108600 ms)

AssetImportParameters requested are different than current active one (requested -> active):
  custom:video-decoder-ogg-theora: a1e56fd34408186e4bbccfd4996cb3dc -> 
  custom:container-muxer-webm: aa71ff27fc2769a1b78a27578f13a17b -> 
  custom:container-demuxer-webm: 4f35f7cbe854078d1ac9338744f61a02 -> 
  custom:video-encoder-webm-vp8: eb34c28f22e8b96e1ab97ce403110664 -> 
  custom:audio-encoder-webm-vorbis: bf7c407c2cedff20999df2af8eb42d56 -> 
  custom:framework-win-MediaFoundation: 216162199b28c13a410421893ffa2e32 -> 
  custom:container-demuxer-ogg: 62fdf1f143b41e24485cea50d1cbac27 -> 
  custom:video-decoder-webm-vp8: 9c59270c3fd7afecdb556c50c9e8de78 -> 
  custom:audio-decoder-ogg-vorbis: bf7c407c2cedff20999df2af8eb42d56 -> 
========================================================================
Received Import Request.
  Time since last request: 141395.070629 seconds.
  path: Assets/image/bg_aturan.png
  artifactKey: Guid(192e3b15f1c705548bd6b8c03368633a) Importer(815301076,1909f56bfc062723c751e8b465ee728b)
Start importing Assets/image/bg_aturan.png using Guid(192e3b15f1c705548bd6b8c03368633a) Importer(815301076,1909f56bfc062723c751e8b465ee728b)  -> (artifact id: 'eb9b3326f431f6419dab23f798c98886') in 0.406401 seconds 
========================================================================
Received Import Request.
  Time since last request: 0.000054 seconds.
  path: Assets/image/btnHome.png
  artifactKey: Guid(ecaf72ef866c650459651db08d49f3f3) Importer(815301076,1909f56bfc062723c751e8b465ee728b)
Start importing Assets/image/btnHome.png using Guid(ecaf72ef866c650459651db08d49f3f3) Importer(815301076,1909f56bfc062723c751e8b465ee728b)  -> (artifact id: '12f0b3d71bbd6156490b676475fd1ad3') in 0.149977 seconds 
========================================================================
Received Import Request.
  Time since last request: 0.000176 seconds.
  path: Assets/image/Pipa3.png
  artifactKey: Guid(754c12d4c19517e49ad2fa4f4f35fe16) Importer(815301076,1909f56bfc062723c751e8b465ee728b)
Start importing Assets/image/Pipa3.png using Guid(754c12d4c19517e49ad2fa4f4f35fe16) Importer(815301076,1909f56bfc062723c751e8b465ee728b)  -> (artifact id: 'c488d797a4cb8a98744908c61ce8c159') in 0.072343 seconds 
========================================================================
Received Import Request.
  Time since last request: 0.000048 seconds.
  path: Assets/image/bg_mahar.png
  artifactKey: Guid(afb92cf1f6e2f224fbf55ac883f48fdb) Importer(815301076,1909f56bfc062723c751e8b465ee728b)
Start importing Assets/image/bg_mahar.png using Guid(afb92cf1f6e2f224fbf55ac883f48fdb) Importer(815301076,1909f56bfc062723c751e8b465ee728b)  -> (artifact id: '603084500fbed6efa1a81138bf1d1d21') in 0.448694 seconds 
========================================================================
Received Import Request.
  Time since last request: 0.000060 seconds.
  path: Assets/image/btnOff.png
  artifactKey: Guid(e5864027a8882b14bad7f9893b996962) Importer(815301076,1909f56bfc062723c751e8b465ee728b)
Start importing Assets/image/btnOff.png using Guid(e5864027a8882b14bad7f9893b996962) Importer(815301076,1909f56bfc062723c751e8b465ee728b)  -> (artifact id: '0d0c68057e7587970e06524ac9d6914b') in 0.141747 seconds 
========================================================================
Received Import Request.
  Time since last request: 0.000045 seconds.
  path: Assets/image/btn.png
  artifactKey: Guid(c58baffcfec8ccb49b5c3dc1fccbd6f6) Importer(815301076,1909f56bfc062723c751e8b465ee728b)
Start importing Assets/image/btn.png using Guid(c58baffcfec8ccb49b5c3dc1fccbd6f6) Importer(815301076,1909f56bfc062723c751e8b465ee728b)  -> (artifact id: '2c0d5e87feafccc102be184c582f5dbb') in 0.079637 seconds 
========================================================================
Received Import Request.
  Time since last request: 0.000069 seconds.
  path: Assets/image/btnNo.png
  artifactKey: Guid(d108b5253fa8d2340bc6da9a9e903623) Importer(815301076,1909f56bfc062723c751e8b465ee728b)
Start importing Assets/image/btnNo.png using Guid(d108b5253fa8d2340bc6da9a9e903623) Importer(815301076,1909f56bfc062723c751e8b465ee728b)  -> (artifact id: '29fb9c222bb14f43f0dfa0a9a7d1ba27') in 0.109340 seconds 
========================================================================
Received Import Request.
  Time since last request: 0.000067 seconds.
  path: Assets/image/bgPopUp.png
  artifactKey: Guid(68ccf4e4f22c718488c52f35d9be1b27) Importer(815301076,1909f56bfc062723c751e8b465ee728b)
Start importing Assets/image/bgPopUp.png using Guid(68ccf4e4f22c718488c52f35d9be1b27) Importer(815301076,1909f56bfc062723c751e8b465ee728b)  -> (artifact id: '9b510bada05390600eefb72d976c7080') in 0.130510 seconds 
========================================================================
Received Import Request.
  Time since last request: 0.000034 seconds.
  path: Assets/image/bird 1.png
  artifactKey: Guid(050e0d2558ebf464a8fd68954ea93011) Importer(815301076,1909f56bfc062723c751e8b465ee728b)
Start importing Assets/image/bird 1.png using Guid(050e0d2558ebf464a8fd68954ea93011) Importer(815301076,1909f56bfc062723c751e8b465ee728b)  -> (artifact id: '5355feb885f7ceb240ff937bf7c11239') in 0.312706 seconds 
========================================================================
Received Import Request.
  Time since last request: 8.046632 seconds.
  path: Assets/Sound/burung naik.mp3
  artifactKey: Guid(9f7562c393ea21f47b657f30dc95f45f) Importer(815301076,1909f56bfc062723c751e8b465ee728b)
Start importing Assets/Sound/burung naik.mp3 using Guid(9f7562c393ea21f47b657f30dc95f45f) Importer(815301076,1909f56bfc062723c751e8b465ee728b)  -> (artifact id: '9eafa3403396b4766814fa03f9539539') in 0.294292 seconds 
========================================================================
Received Import Request.
  Time since last request: 0.000056 seconds.
  path: Assets/Sound/y2mate.com - Wii Music  Gaming Background Music HD.mp3
  artifactKey: Guid(0b7a0789f9c0e2d459d5428458058104) Importer(815301076,1909f56bfc062723c751e8b465ee728b)
Start importing Assets/Sound/y2mate.com - Wii Music  Gaming Background Music HD.mp3 using Guid(0b7a0789f9c0e2d459d5428458058104) Importer(815301076,1909f56bfc062723c751e8b465ee728b)  -> (artifact id: '90e97b30024dcba55098696bae9fbf00') in 0.055923 seconds 
========================================================================
Received Import Request.
  Time since last request: 0.000077 seconds.
  path: Assets/Sound/lose 1.wav
  artifactKey: Guid(47813a45488d38b46a9c6dd2db9a03ec) Importer(815301076,1909f56bfc062723c751e8b465ee728b)
Start importing Assets/Sound/lose 1.wav using Guid(47813a45488d38b46a9c6dd2db9a03ec) Importer(815301076,1909f56bfc062723c751e8b465ee728b)  -> (artifact id: '359e00b776ee8d32e48e66b97e64ac79') in 0.052349 seconds 
========================================================================
Received Import Request.
  Time since last request: 0.000031 seconds.
  path: Assets/Sound/button.mp3
  artifactKey: Guid(a6c7ac465eae4f3489c434bc2f18c877) Importer(815301076,1909f56bfc062723c751e8b465ee728b)
Start importing Assets/Sound/button.mp3 using Guid(a6c7ac465eae4f3489c434bc2f18c877) Importer(815301076,1909f56bfc062723c751e8b465ee728b)  -> (artifact id: '7d466b7fc42a9fdf8e423b26a22f5837') in 0.038904 seconds 
